#
# A fatal error has been detected by the Java Runtime Environment:
#
#  EXCEPTION_ACCESS_VIOLATION (0xc0000005) at pc=0x000000006da0bbab, pid=8032, tid=6884
#
# JRE version: 6.0_39-b04
# Java VM: Java HotSpot(TM) 64-Bit Server VM (20.14-b01 mixed mode windows-amd64 compressed oops)
# Problematic frame:
# V  [jvm.dll+0x14bbab]
#
# If you would like to submit a bug report, please visit:
#   http://java.sun.com/webapps/bugreport/crash.jsp
#

---------------  T H R E A D  ---------------

Current thread (0x0000000006499800):  JavaThread "JDWP Transport Listener: dt_socket" daemon [_thread_in_vm, id=6884, stack(0x0000000006ce0000,0x0000000006de0000)]

siginfo: ExceptionCode=0xc0000005, reading address 0x00003b003b797274

Registers:
RAX=0x0000000006ddf901, RBX=0x0000000006499800, RCX=0x00003b003b797274, RDX=0x0000000006499800
RSP=0x0000000006ddf960, RBP=0x00003b003b797274, RSI=0x0000000006ddfa40, RDI=0x00000000005c8b50
R8 =0x0000000006ddfa40, R9 =0x0000000000000001, R10=0x6e697274532f676e, R11=0x80c0829000890017
R12=0x0000000000000001, R13=0x0000000000000000, R14=0x0000000000000000, R15=0x0000000000000000
RIP=0x000000006da0bbab, EFLAGS=0x0000000000010206

Top of Stack: (sp=0x0000000006ddf960)
0x0000000006ddf960:   0000000000000038 00000000064bdba0
0x0000000006ddf970:   0000000006ddfb70 000000006dbcd485
0x0000000006ddf980:   0000000006499800 000000006dbec6fa
0x0000000006ddf990:   0000000000000038 0000000006499800
0x0000000006ddf9a0:   0000000006ddfa40 000000006d4e0d69
0x0000000006ddf9b0:   0000000006499800 0000000000000000
0x0000000006ddf9c0:   0000000000000000 0000000000000000
0x0000000006ddf9d0:   0000000000000001 000000006d4dff6e
0x0000000006ddf9e0:   0000000006ddfa40 000000000755fb58
0x0000000006ddf9f0:   0000000000000001 00003b003b797274
0x0000000006ddfa00:   0000000000000001 00003b003b797274
0x0000000006ddfa10:   0000000006ddfb70 000000006d4c4f64
0x0000000006ddfa20:   0000000006ddfb70 b86b5d060a000000
0x0000000006ddfa30:   00000000075bc290 00000000064bdba0
0x0000000006ddfa40:   0000000a06ddfb00 0000000000000000
0x0000000006ddfa50:   0000000000000000 0000000000000000 

Instructions: (pc=0x000000006da0bbab)
0x000000006da0bb8b:   7c 24 48 48 83 c4 28 c3 cc cc cc cc cc cc cc cc
0x000000006da0bb9b:   cc cc cc cc cc 48 53 48 83 ec 20 48 85 c9 74 55
0x000000006da0bbab:   48 8b 19 48 85 db 74 4d 48 b8 fe fe fe fe fe fe
0x000000006da0bbbb:   fe fe 48 3b d8 74 3e 80 3d 07 2e 5f 00 00 74 16 


Register to memory mapping:

RAX=0x0000000006ddf901 is pointing into the stack for thread: 0x0000000006499800
RBX=0x0000000006499800 is a thread
RCX=0x00003b003b797274 is an unknown value
RDX=0x0000000006499800 is a thread
RSP=0x0000000006ddf960 is pointing into the stack for thread: 0x0000000006499800
RBP=0x00003b003b797274 is an unknown value
RSI=0x0000000006ddfa40 is pointing into the stack for thread: 0x0000000006499800
RDI=0x00000000005c8b50 is an unknown value
R8 =0x0000000006ddfa40 is pointing into the stack for thread: 0x0000000006499800
R9 =0x0000000000000001 is an unknown value
R10=0x6e697274532f676e is an unknown value
R11=0x80c0829000890017 is an unknown value
R12=0x0000000000000001 is an unknown value
R13=0x0000000000000000 is an unknown value
R14=0x0000000000000000 is an unknown value
R15=0x0000000000000000 is an unknown value


Stack: [0x0000000006ce0000,0x0000000006de0000],  sp=0x0000000006ddf960,  free space=1022k
Native frames: (J=compiled Java code, j=interpreted, Vv=VM code, C=native code)
V  [jvm.dll+0x14bbab]


---------------  P R O C E S S  ---------------

Java Threads: ( => current thread )
  0x00000000064be800 JavaThread "Low Memory Detector" daemon [_thread_blocked, id=8288, stack(0x00000000071e0000,0x00000000072e0000)]
  0x00000000064b3000 JavaThread "C2 CompilerThread1" daemon [_thread_blocked, id=8088, stack(0x00000000070e0000,0x00000000071e0000)]
  0x00000000064ad000 JavaThread "C2 CompilerThread0" daemon [_thread_blocked, id=4276, stack(0x0000000006fe0000,0x00000000070e0000)]
  0x000000000649c800 JavaThread "JDWP Command Reader" daemon [_thread_in_native, id=7320, stack(0x0000000006ee0000,0x0000000006fe0000)]
  0x000000000649b800 JavaThread "JDWP Event Helper Thread" daemon [_thread_blocked, id=2200, stack(0x0000000006de0000,0x0000000006ee0000)]
=>0x0000000006499800 JavaThread "JDWP Transport Listener: dt_socket" daemon [_thread_in_vm, id=6884, stack(0x0000000006ce0000,0x0000000006de0000)]
  0x0000000006447000 JavaThread "Attach Listener" daemon [_thread_blocked, id=808, stack(0x0000000006730000,0x0000000006830000)]
  0x0000000006442000 JavaThread "Signal Dispatcher" daemon [_thread_blocked, id=2032, stack(0x0000000006630000,0x0000000006730000)]
  0x00000000003ce000 JavaThread "Finalizer" daemon [_thread_blocked, id=3868, stack(0x0000000006330000,0x0000000006430000)]
  0x00000000003c7000 JavaThread "Reference Handler" daemon [_thread_blocked, id=7676, stack(0x0000000006230000,0x0000000006330000)]
  0x00000000005cd000 JavaThread "main" [_thread_blocked, id=4884, stack(0x00000000022b0000,0x00000000023b0000)]

Other Threads:
  0x00000000003bf000 VMThread [stack: 0x0000000006130000,0x0000000006230000] [id=3128]
  0x00000000064cc800 WatcherThread [stack: 0x00000000072e0000,0x00000000073e0000] [id=7840]

VM state:not at safepoint (normal execution)

VM Mutex/Monitor currently owned by a thread: None

Heap
 PSYoungGen      total 18688K, used 7744K [0x00000000eb200000, 0x00000000ec6d0000, 0x0000000100000000)
  eden space 16064K, 48% used [0x00000000eb200000,0x00000000eb9900f0,0x00000000ec1b0000)
  from space 2624K, 0% used [0x00000000ec440000,0x00000000ec440000,0x00000000ec6d0000)
  to   space 2624K, 0% used [0x00000000ec1b0000,0x00000000ec1b0000,0x00000000ec440000)
 PSOldGen        total 42752K, used 0K [0x00000000c1600000, 0x00000000c3fc0000, 0x00000000eb200000)
  object space 42752K, 0% used [0x00000000c1600000,0x00000000c1600000,0x00000000c3fc0000)
 PSPermGen       total 21248K, used 5257K [0x00000000bc400000, 0x00000000bd8c0000, 0x00000000c1600000)
  object space 21248K, 24% used [0x00000000bc400000,0x00000000bc9227a0,0x00000000bd8c0000)

Code Cache  [0x00000000023b0000, 0x0000000002620000, 0x00000000053b0000)
 total_blobs=241 nmethods=43 adapters=159 free_code_cache=49821696 largest_free_block=19840

Dynamic libraries:
0x0000000000400000 - 0x000000000042f000 	E:\java\jdk1.6.0_39\bin\javaw.exe
0x0000000076eb0000 - 0x0000000077059000 	C:\Windows\SYSTEM32\ntdll.dll
0x0000000076c90000 - 0x0000000076daf000 	C:\Windows\system32\kernel32.dll
0x000007fefcf10000 - 0x000007fefcf7c000 	C:\Windows\system32\KERNELBASE.dll
0x000007feff030000 - 0x000007feff10b000 	C:\Windows\system32\ADVAPI32.dll
0x000007fefebd0000 - 0x000007fefec6f000 	C:\Windows\system32\msvcrt.dll
0x000007fefd010000 - 0x000007fefd02f000 	C:\Windows\SYSTEM32\sechost.dll
0x000007fefd1b0000 - 0x000007fefd2dd000 	C:\Windows\system32\RPCRT4.dll
0x0000000076db0000 - 0x0000000076eaa000 	C:\Windows\system32\USER32.dll
0x000007fefd140000 - 0x000007fefd1a7000 	C:\Windows\system32\GDI32.dll
0x000007feff110000 - 0x000007feff11e000 	C:\Windows\system32\LPK.dll
0x000007fefd2e0000 - 0x000007fefd3aa000 	C:\Windows\system32\USP10.dll
0x000007fefd110000 - 0x000007fefd13e000 	C:\Windows\system32\IMM32.DLL
0x000007fefd3b0000 - 0x000007fefd4b9000 	C:\Windows\system32\MSCTF.dll
0x000007fefcb80000 - 0x000007fefcbb1000 	C:\Windows\system32\nvinitx.dll
0x000000000f000000 - 0x000000000f006000 	C:\Program Files\NVIDIA Corporation\CoProcManager\_etoured.dll
0x000007fefa1e0000 - 0x000007fefa23f000 	C:\Program Files\NVIDIA Corporation\CoProcManager\nvd3d9wrapx.dll
0x000007fefdb50000 - 0x000007fefdd27000 	C:\Windows\system32\SETUPAPI.dll
0x000007fefcfd0000 - 0x000007fefd006000 	C:\Windows\system32\CFGMGR32.dll
0x000007fefd030000 - 0x000007fefd107000 	C:\Windows\system32\OLEAUT32.dll
0x000007fefd7b0000 - 0x000007fefd9b3000 	C:\Windows\system32\ole32.dll
0x000007fefcc70000 - 0x000007fefcc8a000 	C:\Windows\system32\DEVOBJ.dll
0x000007fefa190000 - 0x000007fefa1d6000 	C:\Program Files\NVIDIA Corporation\CoProcManager\nvdxgiwrapx.dll
0x000000006d8c0000 - 0x000000006e07c000 	E:\java\jdk1.6.0_39\jre\bin\server\jvm.dll
0x000007fefa250000 - 0x000007fefa28b000 	C:\Windows\system32\WINMM.dll
0x000000006d830000 - 0x000000006d83e000 	E:\java\jdk1.6.0_39\jre\bin\verify.dll
0x000000006d450000 - 0x000000006d477000 	E:\java\jdk1.6.0_39\jre\bin\java.dll
0x000000006d4c0000 - 0x000000006d4f4000 	E:\java\jdk1.6.0_39\jre\bin\jdwp.dll
0x000000006d6e0000 - 0x000000006d6e8000 	E:\java\jdk1.6.0_39\jre\bin\npt.dll
0x000000006d880000 - 0x000000006d892000 	E:\java\jdk1.6.0_39\jre\bin\zip.dll
0x000000006d310000 - 0x000000006d319000 	E:\java\jdk1.6.0_39\jre\bin\dt_socket.dll
0x000007fefed10000 - 0x000007fefed5d000 	C:\Windows\system32\WS2_32.dll
0x000007fefdd30000 - 0x000007fefdd38000 	C:\Windows\system32\NSI.dll
0x000007fefacf0000 - 0x000007fefad05000 	C:\Windows\system32\NLAapi.dll
0x000007fef52b0000 - 0x000007fef52c5000 	C:\Windows\system32\napinsp.dll
0x000007fef5220000 - 0x000007fef5239000 	C:\Windows\system32\pnrpnsp.dll
0x000007fefc3b0000 - 0x000007fefc405000 	C:\Windows\System32\mswsock.dll
0x000007fefc230000 - 0x000007fefc28b000 	C:\Windows\system32\DNSAPI.dll
0x000007fef51d0000 - 0x000007fef51db000 	C:\Windows\System32\winrnr.dll
0x000007fef51c0000 - 0x000007fef51d0000 	C:\Windows\system32\wshbth.dll
0x000007fefab20000 - 0x000007fefab47000 	C:\Windows\system32\IPHLPAPI.DLL
0x000007fefab10000 - 0x000007fefab1b000 	C:\Windows\system32\WINNSI.DLL
0x000007fef9970000 - 0x000007fef99c3000 	C:\Windows\System32\fwpuclnt.dll
0x000007fef59b0000 - 0x000007fef59b8000 	C:\Windows\system32\rasadhlp.dll
0x000007fefbc50000 - 0x000007fefbc57000 	C:\Windows\System32\wshtcpip.dll
0x0000000077080000 - 0x0000000077087000 	C:\Windows\system32\PSAPI.DLL

VM Arguments:
jvm_args: -agentlib:jdwp=transport=dt_socket,suspend=y,address=localhost:59142 -Dfile.encoding=GBK 
java_command: as.jde.test.Main
Launcher Type: SUN_STANDARD

Environment Variables:
JAVA_HOME=C:\Program Files\Java\jdk1.7.0_79
CLASSPATH=.;C:\Program Files\Java\jdk1.7.0_79\bin;C:\Program Files\Java\jdk1.7.0_79\lib\dt.jar;C:\Program Files\Java\jdk1.7.0_79\lib\tools.jar
PATH=E:\java\jdk1.6.0_39\jre\bin;C:\Program Files\Java\jdk1.7.0_79\bin;C:\Program Files\Java\jdk1.7.0_79\jre\bin;C:\Program Files (x86)\Intel\iCLS Client\;C:\Program Files\Intel\iCLS Client\;C:\Windows\system32;C:\Windows;C:\Windows\System32\Wbem;C:\Windows\System32\WindowsPowerShell\v1.0\;C:\Program Files\Intel\WiFi\bin\;C:\Program Files\Common Files\Intel\WirelessCommon\;C:\Program Files\Intel\Intel(R) Management Engine Components\DAL;C:\Program Files\Intel\Intel(R) Management Engine Components\IPT;C:\Program Files (x86)\Intel\Intel(R) Management Engine Components\DAL;C:\Program Files (x86)\Intel\Intel(R) Management Engine Components\IPT;D:\Program Files\Git\cmd;C:\Program Files\Intel\WiFi\bin\;C:\Program Files\Common Files\Intel\WirelessCommon\;D:\Program Files\Git\cmd;D:\Program Files\apache-maven-3.2.2\bin;
USERNAME=Administrator
OS=Windows_NT
PROCESSOR_IDENTIFIER=Intel64 Family 6 Model 69 Stepping 1, GenuineIntel



---------------  S Y S T E M  ---------------

OS: Windows 7 , 64 bit Build 7601 Service Pack 1

CPU:total 4 (2 cores per cpu, 2 threads per core) family 6 model 69 stepping 1, cmov, cx8, fxsr, mmx, sse, sse2, sse3, ssse3, sse4.1, sse4.2, popcnt, ht

Memory: 4k page, physical 4099868k(1403580k free), swap 8197900k(3966788k free)

vm_info: Java HotSpot(TM) 64-Bit Server VM (20.14-b01) for windows-amd64 JRE (1.6.0_39-b04), built on Jan 15 2013 13:05:14 by "java_re" with MS VC++ 8.0 (VS2005)

time: Wed Jan 20 18:02:12 2016
elapsed time: 1139 seconds

