#
# A fatal error has been detected by the Java Runtime Environment:
#
#  EXCEPTION_ACCESS_VIOLATION (0xc0000005) at pc=0x0000000056a64759, pid=1216, tid=6432
#
# JRE version: Java(TM) SE Runtime Environment (7.0_79-b15) (build 1.7.0_79-b15)
# Java VM: Java HotSpot(TM) 64-Bit Server VM (24.79-b02 mixed mode windows-amd64 compressed oops)
# Problematic frame:
# V  [jvm.dll+0x54759]
#
# Failed to write core dump. Minidumps are not enabled by default on client versions of Windows
#
# If you would like to submit a bug report, please visit:
#   http://bugreport.java.com/bugreport/crash.jsp
#

---------------  T H R E A D  ---------------

Current thread (0x0000000009abe000):  JavaThread "JDWP Transport Listener: dt_socket" daemon [_thread_in_vm, id=6432, stack(0x000000000a900000,0x000000000aa00000)]

siginfo: ExceptionCode=0xc0000005, reading address 0x000000000000000c

Registers:
RAX=0x000000000000000c, RBX=0x0000000009abe000, RCX=0x0000000000000000, RDX=0x0000000000000000
RSP=0x000000000a9ff820, RBP=0x000000000000000c, RSI=0x0000000000000000, RDI=0x0000000000000010
R8 =0x00000000ee70dd28, R9 =0x0000000000000000, R10=0x0000000000000000, R11=0x0000000000000001
R12=0x0000000000000000, R13=0x00000000085dee08, R14=0x0000000000000000, R15=0x0000000000000000
RIP=0x0000000056a64759, EFLAGS=0x0000000000010246

Top of Stack: (sp=0x000000000a9ff820)
0x000000000a9ff820:   0000000009abe000 0000000000000000
0x000000000a9ff830:   0000000000000000 0000000009abe000
0x000000000a9ff840:   0000000000000000 0000000056b2d9c7
0x000000000a9ff850:   00000000ee70dd28 000000000a9ff970
0x000000000a9ff860:   0000000009be0428 000000000a9ff940
0x000000000a9ff870:   0000000009abe000 0000000000000000
0x000000000a9ff880:   0000000009be0428 000000000a9ff970
0x000000000a9ff890:   0000000000000000 00000000085dee08
0x000000000a9ff8a0:   0000000000000000 000000006dff7d15
0x000000000a9ff8b0:   000000000a9ff940 000000000a9ff970
0x000000000a9ff8c0:   0000000009be0428 0000000009abe1e8
0x000000000a9ff8d0:   000000000d5a230a 000000006dfff090
0x000000000a9ff8e0:   0000000008010a01 000000000a9ff9e0
0x000000000a9ff8f0:   00000000085dea01 00000000085dea01
0x000000000a9ff900:   00011f0e00000013 0000000008010a00
0x000000000a9ff910:   00000000023d69a0 0000000056b9e7fa 

Instructions: (pc=0x0000000056a64759)
0x0000000056a64739:   d2 48 8b c5 eb 18 48 8b d0 48 8b c5 48 d3 e2 48
0x0000000056a64749:   03 15 61 31 6a 00 eb 06 48 8b 12 48 8b c7 48 98
0x0000000056a64759:   8b 14 10 85 d2 74 2a 45 84 db 4c 63 c6 48 0f 45
0x0000000056a64769:   fd 8d 47 0b 48 63 c8 48 83 e1 f8 48 c1 e9 03 8d 


Register to memory mapping:

RAX=0x000000000000000c is an unknown value
RBX=0x0000000009abe000 is a thread
RCX=0x0000000000000000 is an unknown value
RDX=0x0000000000000000 is an unknown value
RSP=0x000000000a9ff820 is pointing into the stack for thread: 0x0000000009abe000
RBP=0x000000000000000c is an unknown value
RSI=0x0000000000000000 is an unknown value
RDI=0x0000000000000010 is an unknown value
R8 =0x00000000ee70dd28 is an oop
java.lang.String 
 - klass: 'java/lang/String'
R9 =0x0000000000000000 is an unknown value
R10=0x0000000000000000 is an unknown value
R11=0x0000000000000001 is an unknown value
R12=0x0000000000000000 is an unknown value
R13=0x00000000085dee08 is an unknown value
R14=0x0000000000000000 is an unknown value
R15=0x0000000000000000 is an unknown value


Stack: [0x000000000a900000,0x000000000aa00000],  sp=0x000000000a9ff820,  free space=1022k
Native frames: (J=compiled Java code, j=interpreted, Vv=VM code, C=native code)
V  [jvm.dll+0x54759]


---------------  P R O C E S S  ---------------

Java Threads: ( => current thread )
  0x0000000009adb800 JavaThread "Service Thread" daemon [_thread_blocked, id=7504, stack(0x000000000af40000,0x000000000b040000)]
  0x0000000009ad7800 JavaThread "C2 CompilerThread1" daemon [_thread_blocked, id=4420, stack(0x000000000adc0000,0x000000000aec0000)]
  0x0000000009ad4000 JavaThread "C2 CompilerThread0" daemon [_thread_blocked, id=6980, stack(0x000000000ab50000,0x000000000ac50000)]
  0x0000000009ac3000 JavaThread "JDWP Command Reader" daemon [_thread_in_native, id=7220, stack(0x000000000ac60000,0x000000000ad60000)]
  0x0000000009ac2000 JavaThread "JDWP Event Helper Thread" daemon [_thread_blocked, id=5720, stack(0x000000000aa50000,0x000000000ab50000)]
=>0x0000000009abe000 JavaThread "JDWP Transport Listener: dt_socket" daemon [_thread_in_vm, id=6432, stack(0x000000000a900000,0x000000000aa00000)]
  0x00000000085f8800 JavaThread "Attach Listener" daemon [_thread_blocked, id=868, stack(0x000000000a1f0000,0x000000000a2f0000)]
  0x0000000009ab8800 JavaThread "Signal Dispatcher" daemon [_thread_blocked, id=6884, stack(0x0000000009f90000,0x000000000a090000)]
  0x0000000008589000 JavaThread "Finalizer" daemon [_thread_blocked, id=3812, stack(0x0000000009840000,0x0000000009940000)]
  0x0000000008582800 JavaThread "Reference Handler" daemon [_thread_blocked, id=5872, stack(0x00000000099b0000,0x0000000009ab0000)]
  0x00000000023c8800 JavaThread "main" [_thread_blocked, id=1968, stack(0x0000000002550000,0x0000000002650000)]

Other Threads:
  0x000000000857f000 VMThread [stack: 0x0000000009720000,0x0000000009820000] [id=7404]
  0x0000000009af0000 WatcherThread [stack: 0x00000000095f0000,0x00000000096f0000] [id=2060]

VM state:not at safepoint (normal execution)

VM Mutex/Monitor currently owned by a thread: None

Heap
 PSYoungGen      total 76800K, used 58703K [0x00000000eb200000, 0x00000000f0800000, 0x0000000100000000)
  eden space 65536K, 84% used [0x00000000eb200000,0x00000000ee820d40,0x00000000ef200000)
  from space 11264K, 29% used [0x00000000efd00000,0x00000000f0032f28,0x00000000f0800000)
  to   space 11264K, 0% used [0x00000000ef200000,0x00000000ef200000,0x00000000efd00000)
 ParOldGen       total 42496K, used 19480K [0x00000000c1600000, 0x00000000c3f80000, 0x00000000eb200000)
  object space 42496K, 45% used [0x00000000c1600000,0x00000000c29061e8,0x00000000c3f80000)
 PSPermGen       total 21504K, used 12505K [0x00000000bc400000, 0x00000000bd900000, 0x00000000c1600000)
  object space 21504K, 58% used [0x00000000bc400000,0x00000000bd036560,0x00000000bd900000)

Card table byte_map: [0x0000000005650000,0x0000000005870000] byte_map_base: 0x000000000506e000

Polling page: 0x0000000000220000

Code Cache  [0x0000000002650000, 0x00000000028c0000, 0x0000000005650000)
 total_blobs=704 nmethods=418 adapters=246 free_code_cache=46988Kb largest_free_block=48026304

Compilation events (10 events):
Event: 43.844 Thread 0x0000000009ad4000 nmethod 427 0x000000000282b790 code [0x000000000282b8c0, 0x000000000282b978]
Event: 43.844 Thread 0x0000000009ad4000  428             java.util.AbstractList::iterator (10 bytes)
Event: 43.845 Thread 0x0000000009ad4000 nmethod 428 0x000000000282b4d0 code [0x000000000282b620, 0x000000000282b6d8]
Event: 43.845 Thread 0x0000000009ad4000  429             java.util.AbstractList$Itr::<init> (6 bytes)
Event: 43.845 Thread 0x0000000009ad4000 nmethod 429 0x0000000002841c50 code [0x0000000002841d80, 0x0000000002841e58]
Event: 43.845 Thread 0x0000000009ad4000  430             fjs.jde.main.SCMIterator::addD (131 bytes)
Event: 43.856 Thread 0x0000000009ad4000 nmethod 430 0x0000000002858590 code [0x0000000002858760, 0x00000000028591f8]
Event: 43.856 Thread 0x0000000009ad4000  431 %           fjs.jde.main.SCMIterator::printPkg @ 410 (810 bytes)
Event: 43.862 Thread 0x0000000009ad7800 nmethod 417 0x000000000286b010 code [0x000000000286b640, 0x0000000002871698]
Event: 44.047 Thread 0x0000000009ad4000 nmethod 431% 0x0000000002877c90 code [0x0000000002878360, 0x000000000287daf8]

GC Heap History (10 events):
Event: 10.831 GC heap before
{Heap before GC invocations=2 (full 0):
 PSYoungGen      total 18944K, used 18936K [0x00000000eb200000, 0x00000000ec700000, 0x0000000100000000)
  eden space 16384K, 100% used [0x00000000eb200000,0x00000000ec200000,0x00000000ec200000)
  from space 2560K, 99% used [0x00000000ec200000,0x00000000ec47e0f8,0x00000000ec480000)
  to   space 2560K, 0% used [0x00000000ec480000,0x00000000ec480000,0x00000000ec700000)
 ParOldGen       total 42496K, used 1226K [0x00000000c1600000, 0x00000000c3f80000, 0x00000000eb200000)
  object space 42496K, 2% used [0x00000000c1600000,0x00000000c17328e0,0x00000000c3f80000)
 PSPermGen       total 21504K, used 7056K [0x00000000bc400000, 0x00000000bd900000, 0x00000000c1600000)
  object space 21504K, 32% used [0x00000000bc400000,0x00000000bcae4178,0x00000000bd900000)
Event: 10.839 GC heap after
Heap after GC invocations=2 (full 0):
 PSYoungGen      total 18944K, used 2536K [0x00000000eb200000, 0x00000000ed700000, 0x0000000100000000)
  eden space 16384K, 0% used [0x00000000eb200000,0x00000000eb200000,0x00000000ec200000)
  from space 2560K, 99% used [0x00000000ec480000,0x00000000ec6fa020,0x00000000ec700000)
  to   space 2560K, 0% used [0x00000000ec200000,0x00000000ec200000,0x00000000ec480000)
 ParOldGen       total 42496K, used 4822K [0x00000000c1600000, 0x00000000c3f80000, 0x00000000eb200000)
  object space 42496K, 11% used [0x00000000c1600000,0x00000000c1ab5a30,0x00000000c3f80000)
 PSPermGen       total 21504K, used 7056K [0x00000000bc400000, 0x00000000bd900000, 0x00000000c1600000)
  object space 21504K, 32% used [0x00000000bc400000,0x00000000bcae4178,0x00000000bd900000)
}
Event: 11.087 GC heap before
{Heap before GC invocations=3 (full 0):
 PSYoungGen      total 18944K, used 18920K [0x00000000eb200000, 0x00000000ed700000, 0x0000000100000000)
  eden space 16384K, 100% used [0x00000000eb200000,0x00000000ec200000,0x00000000ec200000)
  from space 2560K, 99% used [0x00000000ec480000,0x00000000ec6fa020,0x00000000ec700000)
  to   space 2560K, 0% used [0x00000000ec200000,0x00000000ec200000,0x00000000ec480000)
 ParOldGen       total 42496K, used 4822K [0x00000000c1600000, 0x00000000c3f80000, 0x00000000eb200000)
  object space 42496K, 11% used [0x00000000c1600000,0x00000000c1ab5a30,0x00000000c3f80000)
 PSPermGen       total 21504K, used 9148K [0x00000000bc400000, 0x00000000bd900000, 0x00000000c1600000)
  object space 21504K, 42% used [0x00000000bc400000,0x00000000bccef2d8,0x00000000bd900000)
Event: 11.092 GC heap after
Heap after GC invocations=3 (full 0):
 PSYoungGen      total 18944K, used 2552K [0x00000000eb200000, 0x00000000ed700000, 0x0000000100000000)
  eden space 16384K, 0% used [0x00000000eb200000,0x00000000eb200000,0x00000000ec200000)
  from space 2560K, 99% used [0x00000000ec200000,0x00000000ec47e010,0x00000000ec480000)
  to   space 2560K, 0% used [0x00000000ed480000,0x00000000ed480000,0x00000000ed700000)
 ParOldGen       total 42496K, used 7349K [0x00000000c1600000, 0x00000000c3f80000, 0x00000000eb200000)
  object space 42496K, 17% used [0x00000000c1600000,0x00000000c1d2d660,0x00000000c3f80000)
 PSPermGen       total 21504K, used 9148K [0x00000000bc400000, 0x00000000bd900000, 0x00000000c1600000)
  object space 21504K, 42% used [0x00000000bc400000,0x00000000bccef2d8,0x00000000bd900000)
}
Event: 11.521 GC heap before
{Heap before GC invocations=4 (full 0):
 PSYoungGen      total 18944K, used 18936K [0x00000000eb200000, 0x00000000ed700000, 0x0000000100000000)
  eden space 16384K, 100% used [0x00000000eb200000,0x00000000ec200000,0x00000000ec200000)
  from space 2560K, 99% used [0x00000000ec200000,0x00000000ec47e010,0x00000000ec480000)
  to   space 2560K, 0% used [0x00000000ed480000,0x00000000ed480000,0x00000000ed700000)
 ParOldGen       total 42496K, used 7349K [0x00000000c1600000, 0x00000000c3f80000, 0x00000000eb200000)
  object space 42496K, 17% used [0x00000000c1600000,0x00000000c1d2d660,0x00000000c3f80000)
 PSPermGen       total 21504K, used 10757K [0x00000000bc400000, 0x00000000bd900000, 0x00000000c1600000)
  object space 21504K, 50% used [0x00000000bc400000,0x00000000bce81590,0x00000000bd900000)
Event: 11.545 GC heap after
Heap after GC invocations=4 (full 0):
 PSYoungGen      total 35328K, used 2544K [0x00000000eb200000, 0x00000000ed700000, 0x0000000100000000)
  eden space 32768K, 0% used [0x00000000eb200000,0x00000000eb200000,0x00000000ed200000)
  from space 2560K, 99% used [0x00000000ed480000,0x00000000ed6fc1d0,0x00000000ed700000)
  to   space 2560K, 0% used [0x00000000ed200000,0x00000000ed200000,0x00000000ed480000)
 ParOldGen       total 42496K, used 9487K [0x00000000c1600000, 0x00000000c3f80000, 0x00000000eb200000)
  object space 42496K, 22% used [0x00000000c1600000,0x00000000c1f43d20,0x00000000c3f80000)
 PSPermGen       total 21504K, used 10757K [0x00000000bc400000, 0x00000000bd900000, 0x00000000c1600000)
  object space 21504K, 50% used [0x00000000bc400000,0x00000000bce81590,0x00000000bd900000)
}
Event: 12.473 GC heap before
{Heap before GC invocations=5 (full 0):
 PSYoungGen      total 35328K, used 35312K [0x00000000eb200000, 0x00000000ed700000, 0x0000000100000000)
  eden space 32768K, 100% used [0x00000000eb200000,0x00000000ed200000,0x00000000ed200000)
  from space 2560K, 99% used [0x00000000ed480000,0x00000000ed6fc1d0,0x00000000ed700000)
  to   space 2560K, 0% used [0x00000000ed200000,0x00000000ed200000,0x00000000ed480000)
 ParOldGen       total 42496K, used 9487K [0x00000000c1600000, 0x00000000c3f80000, 0x00000000eb200000)
  object space 42496K, 22% used [0x00000000c1600000,0x00000000c1f43d20,0x00000000c3f80000)
 PSPermGen       total 21504K, used 11998K [0x00000000bc400000, 0x00000000bd900000, 0x00000000c1600000)
  object space 21504K, 55% used [0x00000000bc400000,0x00000000bcfb7920,0x00000000bd900000)
Event: 12.486 GC heap after
Heap after GC invocations=5 (full 0):
 PSYoungGen      total 35328K, used 2536K [0x00000000eb200000, 0x00000000f0800000, 0x0000000100000000)
  eden space 32768K, 0% used [0x00000000eb200000,0x00000000eb200000,0x00000000ed200000)
  from space 2560K, 99% used [0x00000000ed200000,0x00000000ed47a020,0x00000000ed480000)
  to   space 11264K, 0% used [0x00000000efd00000,0x00000000efd00000,0x00000000f0800000)
 ParOldGen       total 42496K, used 19480K [0x00000000c1600000, 0x00000000c3f80000, 0x00000000eb200000)
  object space 42496K, 45% used [0x00000000c1600000,0x00000000c29061e8,0x00000000c3f80000)
 PSPermGen       total 21504K, used 11998K [0x00000000bc400000, 0x00000000bd900000, 0x00000000c1600000)
  object space 21504K, 55% used [0x00000000bc400000,0x00000000bcfb7920,0x00000000bd900000)
}
Event: 43.025 GC heap before
{Heap before GC invocations=6 (full 0):
 PSYoungGen      total 35328K, used 35304K [0x00000000eb200000, 0x00000000f0800000, 0x0000000100000000)
  eden space 32768K, 100% used [0x00000000eb200000,0x00000000ed200000,0x00000000ed200000)
  from space 2560K, 99% used [0x00000000ed200000,0x00000000ed47a020,0x00000000ed480000)
  to   space 11264K, 0% used [0x00000000efd00000,0x00000000efd00000,0x00000000f0800000)
 ParOldGen       total 42496K, used 19480K [0x00000000c1600000, 0x00000000c3f80000, 0x00000000eb200000)
  object space 42496K, 45% used [0x00000000c1600000,0x00000000c29061e8,0x00000000c3f80000)
 PSPermGen       total 21504K, used 12386K [0x00000000bc400000, 0x00000000bd900000, 0x00000000c1600000)
  object space 21504K, 57% used [0x00000000bc400000,0x00000000bd018b58,0x00000000bd900000)
Event: 43.033 GC heap after
Heap after GC invocations=6 (full 0):
 PSYoungGen      total 76800K, used 3275K [0x00000000eb200000, 0x00000000f0800000, 0x0000000100000000)
  eden space 65536K, 0% used [0x00000000eb200000,0x00000000eb200000,0x00000000ef200000)
  from space 11264K, 29% used [0x00000000efd00000,0x00000000f0032f28,0x00000000f0800000)
  to   space 11264K, 0% used [0x00000000ef200000,0x00000000ef200000,0x00000000efd00000)
 ParOldGen       total 42496K, used 19480K [0x00000000c1600000, 0x00000000c3f80000, 0x00000000eb200000)
  object space 42496K, 45% used [0x00000000c1600000,0x00000000c29061e8,0x00000000c3f80000)
 PSPermGen       total 21504K, used 12386K [0x00000000bc400000, 0x00000000bd900000, 0x00000000c1600000)
  object space 21504K, 57% used [0x00000000bc400000,0x00000000bd018b58,0x00000000bd900000)
}

Deoptimization events (10 events):
Event: 43.081 Thread 0x00000000023c8800 Uncommon trap: reason=unreached action=reinterpret pc=0x00000000027a9abc method=org.eclipse.jdt.internal.compiler.lookup.LookupEnvironment.createArrayType(Lorg/eclipse/jdt/internal/compiler/lookup/TypeBinding;I)Lorg/eclipse/jdt/internal/compiler/lookup/Arr
Event: 43.093 Thread 0x00000000023c8800 Uncommon trap: reason=class_check action=maybe_recompile pc=0x00000000027ee560 method=java.util.AbstractCollection.toArray([Ljava/lang/Object;)[Ljava/lang/Object; @ 1
Event: 43.100 Thread 0x00000000023c8800 Uncommon trap: reason=class_check action=maybe_recompile pc=0x00000000027ee560 method=java.util.AbstractCollection.toArray([Ljava/lang/Object;)[Ljava/lang/Object; @ 1
Event: 43.114 Thread 0x00000000023c8800 Uncommon trap: reason=predicate action=maybe_recompile pc=0x000000000277a75c method=org.eclipse.jdt.internal.compiler.classfmt.ClassFileReader.<init>([B[CZ)V @ 669
Event: 43.122 Thread 0x00000000023c8800 Uncommon trap: reason=unreached action=reinterpret pc=0x00000000027a2228 method=org.eclipse.jdt.internal.compiler.lookup.Scope.getBinding([CILorg/eclipse/jdt/internal/compiler/lookup/InvocationSite;Z)Lorg/eclipse/jdt/internal/compiler/lookup/Binding; @ 570¿≤ÅπúE@
Event: 43.224 Thread 0x00000000023c8800 Uncommon trap: reason=predicate action=maybe_recompile pc=0x0000000002789308 method=org.eclipse.jdt.internal.compiler.lookup.BinaryTypeBinding.createMethod(Lorg/eclipse/jdt/internal/compiler/env/IBinaryMethod;J[[[C)Lorg/eclipse/jdt/internal/compiler/lookup§⁄õ&XüE@
Event: 43.245 Thread 0x00000000023c8800 Uncommon trap: reason=array_check action=maybe_recompile pc=0x00000000028031e0 method=java.util.TimSort.binarySort([Ljava/lang/Object;IIILjava/util/Comparator;)V @ 183
Event: 43.258 Thread 0x00000000023c8800 Uncommon trap: reason=array_check action=maybe_recompile pc=0x00000000028031e0 method=java.util.TimSort.binarySort([Ljava/lang/Object;IIILjava/util/Comparator;)V @ 183
Event: 43.295 Thread 0x00000000023c8800 Uncommon trap: reason=class_check action=maybe_recompile pc=0x00000000027d173c method=java.util.ArrayList.remove(Ljava/lang/Object;)Z @ 56
Event: 43.594 Thread 0x00000000023c8800 Uncommon trap: reason=class_check action=maybe_recompile pc=0x00000000027d69f8 method=org.eclipse.jdt.internal.compiler.lookup.MethodVerifier.computeInheritedMethods(Lorg/eclipse/jdt/internal/compiler/lookup/ReferenceBinding;[Lorg/eclipse/jdt/internal/comp∆º‚êXäE@

Internal exceptions (10 events):
Event: 43.064 Thread 0x00000000023c8800 Threw 0x00000000eb5154b0 at C:\re\jdk7u79\2331\hotspot\src\share\vm\interpreter\interpreterRuntime.cpp:347
Event: 43.065 Thread 0x00000000023c8800 Threw 0x00000000eb51b588 at C:\re\jdk7u79\2331\hotspot\src\share\vm\interpreter\interpreterRuntime.cpp:347
Event: 43.065 Thread 0x00000000023c8800 Threw 0x00000000eb5214e8 at C:\re\jdk7u79\2331\hotspot\src\share\vm\interpreter\interpreterRuntime.cpp:347
Event: 43.066 Thread 0x00000000023c8800 Threw 0x00000000eb5275d8 at C:\re\jdk7u79\2331\hotspot\src\share\vm\interpreter\interpreterRuntime.cpp:347
Event: 43.066 Thread 0x00000000023c8800 Threw 0x00000000eb52d518 at C:\re\jdk7u79\2331\hotspot\src\share\vm\interpreter\interpreterRuntime.cpp:347
Event: 43.067 Thread 0x00000000023c8800 Threw 0x00000000eb533610 at C:\re\jdk7u79\2331\hotspot\src\share\vm\interpreter\interpreterRuntime.cpp:347
Event: 43.067 Thread 0x00000000023c8800 Threw 0x00000000eb539500 at C:\re\jdk7u79\2331\hotspot\src\share\vm\interpreter\interpreterRuntime.cpp:347
Event: 43.068 Thread 0x00000000023c8800 Threw 0x00000000eb541570 at C:\re\jdk7u79\2331\hotspot\src\share\vm\interpreter\interpreterRuntime.cpp:347
Event: 43.069 Thread 0x00000000023c8800 Threw 0x00000000eb54b9a8 at C:\re\jdk7u79\2331\hotspot\src\share\vm\interpreter\interpreterRuntime.cpp:347
Event: 43.070 Thread 0x00000000023c8800 Threw 0x00000000eb552860 at C:\re\jdk7u79\2331\hotspot\src\share\vm\interpreter\interpreterRuntime.cpp:347

Events (10 events):
Event: 53.885 Executing VM operation: ChangeSingleStep
Event: 53.885 Executing VM operation: ChangeSingleStep done
Event: 53.886 Executing VM operation: ChangeSingleStep
Event: 53.886 Executing VM operation: ChangeSingleStep done
Event: 53.913 Executing VM operation: GetOrSetLocal
Event: 53.913 Executing VM operation: GetOrSetLocal done
Event: 53.916 Executing VM operation: GetOrSetLocal
Event: 53.916 Executing VM operation: GetOrSetLocal done
Event: 54.057 Executing VM operation: GetOrSetLocal
Event: 54.057 Executing VM operation: GetOrSetLocal done


Dynamic libraries:
0x000000013fe30000 - 0x000000013fe63000 	C:\Program Files\Java\jdk1.7.0_79\bin\javaw.exe
0x0000000077aa0000 - 0x0000000077c4a000 	C:\Windows\SYSTEM32\ntdll.dll
0x0000000077980000 - 0x0000000077a9f000 	C:\Windows\system32\kernel32.dll
0x000007fefdad0000 - 0x000007fefdb3b000 	C:\Windows\system32\KERNELBASE.dll
0x000007fefded0000 - 0x000007fefdfab000 	C:\Windows\system32\ADVAPI32.dll
0x000007fefef50000 - 0x000007fefefef000 	C:\Windows\system32\msvcrt.dll
0x000007fefeb40000 - 0x000007fefeb5f000 	C:\Windows\SYSTEM32\sechost.dll
0x000007fefdfc0000 - 0x000007fefe0ed000 	C:\Windows\system32\RPCRT4.dll
0x0000000077880000 - 0x000000007797a000 	C:\Windows\system32\USER32.dll
0x000007fefee20000 - 0x000007fefee87000 	C:\Windows\system32\GDI32.dll
0x000007fefe820000 - 0x000007fefe82e000 	C:\Windows\system32\LPK.dll
0x000007fefe170000 - 0x000007fefe23a000 	C:\Windows\system32\USP10.dll
0x000007fefc0c0000 - 0x000007fefc2b4000 	C:\Windows\WinSxS\amd64_microsoft.windows.common-controls_6595b64144ccf1df_6.0.7601.18837_none_fa3b1e3d17594757\COMCTL32.dll
0x000007fefeac0000 - 0x000007fefeb31000 	C:\Windows\system32\SHLWAPI.dll
0x000007fefeff0000 - 0x000007feff01e000 	C:\Windows\system32\IMM32.DLL
0x000007fefdbe0000 - 0x000007fefdce9000 	C:\Windows\system32\MSCTF.dll
0x000007fefd750000 - 0x000007fefd781000 	C:\Windows\system32\nvinitx.dll
0x000000000f000000 - 0x000000000f006000 	C:\Program Files\NVIDIA Corporation\CoProcManager\_etoured.dll
0x000007fefac90000 - 0x000007fefacef000 	C:\Program Files\NVIDIA Corporation\CoProcManager\nvd3d9wrapx.dll
0x000007fefeb60000 - 0x000007fefed37000 	C:\Windows\system32\SETUPAPI.dll
0x000007fefdb40000 - 0x000007fefdb76000 	C:\Windows\system32\CFGMGR32.dll
0x000007fefed40000 - 0x000007fefee18000 	C:\Windows\system32\OLEAUT32.dll
0x000007fefe5b0000 - 0x000007fefe7b3000 	C:\Windows\system32\ole32.dll
0x000007fefda00000 - 0x000007fefda1a000 	C:\Windows\system32\DEVOBJ.dll
0x000007fefa920000 - 0x000007fefa966000 	C:\Program Files\NVIDIA Corporation\CoProcManager\nvdxgiwrapx.dll
0x0000000067da0000 - 0x0000000067e72000 	C:\Program Files\Java\jdk1.7.0_79\jre\bin\msvcr100.dll
0x0000000056a10000 - 0x00000000571e5000 	C:\Program Files\Java\jdk1.7.0_79\jre\bin\server\jvm.dll
0x000007fefa5f0000 - 0x000007fefa5f9000 	C:\Windows\system32\WSOCK32.dll
0x000007fefde80000 - 0x000007fefdecd000 	C:\Windows\system32\WS2_32.dll
0x000007fefdfb0000 - 0x000007fefdfb8000 	C:\Windows\system32\NSI.dll
0x000007fefae20000 - 0x000007fefae5b000 	C:\Windows\system32\WINMM.dll
0x0000000077c70000 - 0x0000000077c77000 	C:\Windows\system32\PSAPI.DLL
0x0000000070a20000 - 0x0000000070a2f000 	C:\Program Files\Java\jdk1.7.0_79\jre\bin\verify.dll
0x000000006f0f0000 - 0x000000006f118000 	C:\Program Files\Java\jdk1.7.0_79\jre\bin\java.dll
0x000000006dff0000 - 0x000000006e025000 	C:\Program Files\Java\jdk1.7.0_79\jre\bin\jdwp.dll
0x0000000070a10000 - 0x0000000070a18000 	C:\Program Files\Java\jdk1.7.0_79\jre\bin\npt.dll
0x000000006f030000 - 0x000000006f045000 	C:\Program Files\Java\jdk1.7.0_79\jre\bin\zip.dll
0x0000000070a30000 - 0x0000000070a39000 	C:\Program Files\Java\jdk1.7.0_79\jre\bin\dt_socket.dll
0x000007fefb7f0000 - 0x000007fefb805000 	C:\Windows\system32\NLAapi.dll
0x000007feed670000 - 0x000007feed685000 	C:\Windows\system32\napinsp.dll
0x000007feed650000 - 0x000007feed669000 	C:\Windows\system32\pnrpnsp.dll
0x000007fefced0000 - 0x000007fefcf25000 	C:\Windows\System32\mswsock.dll
0x000007fefce70000 - 0x000007fefcecb000 	C:\Windows\system32\DNSAPI.dll
0x000007feecca0000 - 0x000007feeccab000 	C:\Windows\System32\winrnr.dll
0x000007feecc90000 - 0x000007feecca0000 	C:\Windows\system32\wshbth.dll
0x000007fefb590000 - 0x000007fefb5b7000 	C:\Windows\system32\IPHLPAPI.DLL
0x000007fefb570000 - 0x000007fefb57b000 	C:\Windows\system32\WINNSI.DLL
0x000007fefa540000 - 0x000007fefa593000 	C:\Windows\System32\fwpuclnt.dll
0x000007fef6c50000 - 0x000007fef6c58000 	C:\Windows\system32\rasadhlp.dll
0x000007fefc820000 - 0x000007fefc827000 	C:\Windows\System32\wshtcpip.dll
0x000007fefd5e0000 - 0x000007fefd637000 	C:\Windows\system32\apphelp.dll
0x000007fefcf30000 - 0x000007fefcf48000 	C:\Windows\system32\CRYPTSP.dll
0x000007fefcc60000 - 0x000007fefcca7000 	C:\Windows\system32\rsaenh.dll
0x000007fefdbc0000 - 0x000007fefdbde000 	C:\Windows\system32\USERENV.dll
0x000007fefd820000 - 0x000007fefd82f000 	C:\Windows\system32\profapi.dll
0x000007fefd640000 - 0x000007fefd64f000 	C:\Windows\system32\CRYPTBASE.dll
0x000000006f010000 - 0x000000006f02a000 	C:\Program Files\Java\jdk1.7.0_79\jre\bin\net.dll
0x000007fefcff0000 - 0x000007fefcff7000 	C:\Windows\System32\wship6.dll
0x000007fefa510000 - 0x000007fefa528000 	C:\Windows\system32\dhcpcsvc.DLL
0x000007fefa4f0000 - 0x000007fefa501000 	C:\Windows\system32\dhcpcsvc6.DLL
0x000000006e180000 - 0x000000006e191000 	C:\Program Files\Java\jdk1.7.0_79\jre\bin\nio.dll
0x000007fef5410000 - 0x000007fef5535000 	C:\Windows\system32\dbghelp.dll

VM Arguments:
jvm_args: -agentlib:jdwp=transport=dt_socket,suspend=y,address=localhost:64925 -Dfile.encoding=GBK 
java_command: fjs.jde.main.Main E:\java-dependency-extractor\
Launcher Type: SUN_STANDARD

Environment Variables:
JAVA_HOME=C:\Program Files\Java\jdk1.7.0_79
CLASSPATH=.;C:\Program Files\Java\jdk1.7.0_79\bin;C:\Program Files\Java\jdk1.7.0_79\lib\dt.jar;C:\Program Files\Java\jdk1.7.0_79\lib\tools.jar
PATH=C:\Program Files\Java\jdk1.7.0_79\bin;C:\Program Files\Java\jdk1.7.0_79\jre\bin;C:\Program Files (x86)\Intel\iCLS Client\;C:\Program Files\Intel\iCLS Client\;C:\Windows\system32;C:\Windows;C:\Windows\System32\Wbem;C:\Windows\System32\WindowsPowerShell\v1.0\;C:\Program Files\Intel\WiFi\bin\;C:\Program Files\Common Files\Intel\WirelessCommon\;C:\Program Files\Intel\Intel(R) Management Engine Components\DAL;C:\Program Files\Intel\Intel(R) Management Engine Components\IPT;C:\Program Files (x86)\Intel\Intel(R) Management Engine Components\DAL;C:\Program Files (x86)\Intel\Intel(R) Management Engine Components\IPT;D:\Program Files\Git\cmd;C:\Program Files\Intel\WiFi\bin\;C:\Program Files\Common Files\Intel\WirelessCommon\;D:\Program Files\Git\cmd;D:\Program Files\apache-maven-3.2.2\bin;
USERNAME=Administrator
OS=Windows_NT
PROCESSOR_IDENTIFIER=Intel64 Family 6 Model 69 Stepping 1, GenuineIntel



---------------  S Y S T E M  ---------------

OS: Windows 7 , 64 bit Build 7601 Service Pack 1

CPU:total 4 (2 cores per cpu, 2 threads per core) family 6 model 69 stepping 1, cmov, cx8, fxsr, mmx, sse, sse2, sse3, ssse3, sse4.1, sse4.2, popcnt, avx, avx2, aes, erms, ht, tsc, tscinvbit

Memory: 4k page, physical 4099868k(1477700k free), swap 8197900k(3153740k free)

vm_info: Java HotSpot(TM) 64-Bit Server VM (24.79-b02) for windows-amd64 JRE (1.7.0_79-b15), built on Apr 10 2015 12:36:16 by "java_re" with unknown MS VC++:1600

time: Wed Mar 30 16:57:37 2016
elapsed time: 54 seconds

